,artist,title,albumart,time,channel
0,@MatomaOfficial @sxmElectro,#GlowRadio,http://www.siriusxm.com/albumart/Live/Default/DefaultMDS_m_52.jpg,1493352723.3759172
1,@NicoleMoudaber @sxmElectro,#InTheMood #ElectricArea,http://www.siriusxm.com/albumart/Live/Default/DefaultMDS_m_52.jpg,1493355688.349049
2,@MarkBrownDJ @sxmElectro,#Cr2LivenDirect #ElectricArea,http://www.siriusxm.com/albumart/Live/Default/DefaultMDS_m_52.jpg,1493359228.2678974
3,@Arty_Music @sxmElectro,Together FM,http://www.siriusxm.com/albumart/Live/Default/DefaultMDS_m_52.jpg,1493362768.2889555
4,Flux Pavilion/Cammie Robinson,Pull The Trigger,http://www.siriusxm.com/albumart/Live/0730/fluxpavilion_58B7D968_m.jpg,1493366368.2648141
5,Toby Green,Move,http://www.siriusxm.com/albumart/Live/Default/DefaultMDS_m_52.jpg,1493366608.2729144
6,Yellow Claw,Open (ft. Moksi & John Fraser),http://www.siriusxm.com/albumart/Live/Default/DefaultMDS_m_52.jpg,1493366788.433805
7,Tom Staar/Rob & Jack,Sunshine,http://www.siriusxm.com/albumart/Live/Default/DefaultMDS_m_52.jpg,1493366968.2754974
8,Matroda,Get Down,http://www.siriusxm.com/albumart/Live/Default/DefaultMDS_m_52.jpg,1493367208.3015256
9,Bassnectar/ATLiens,Interlock,http://www.siriusxm.com/albumart/Live/Default/DefaultMDS_m_52.jpg,1493367328.2778244
10,TENSNAKE,Coma Cat (Round Table Knights Remix,http://www.siriusxm.com/albumart/Live/0800/tensnake_568D1551_m.jpg,1493367568.275574
11,Chris Lake,I Want You,http://www.siriusxm.com/albumart/Live/Default/DefaultMDS_m_52.jpg,1493367808.2865493
12,Jauz,The Game,http://www.siriusxm.com/albumart/Live/Default/DefaultMDS_m_52.jpg,1493368108.2755866
13,Fletcher,Wasted Youth (Michael Brun Remix),http://www.siriusxm.com/albumart/Live/Default/DefaultMDS_m_52.jpg,1493368288.2690494
14,deadmau5,Avaritia,http://www.siriusxm.com/albumart/Live/0830/deadmau5_5500B603_m.jpg,1493368528.2833474
15,Phantoms,Been Here Before,http://www.siriusxm.com/albumart/Live/Default/DefaultMDS_m_52.jpg,1493368708.2591195
16,New Music Alert,On Electric Area,http://www.siriusxm.com/albumart/Live/Default/DefaultMDS_m_52.jpg,1493369008.2705884
17,Busy P/Mayer Hawthorne,Genie (KDA Remix),http://www.siriusxm.com/albumart/Live/Default/DefaultMDS_m_52.jpg,1493369068.2921
18,Chace/Yade Lauren,Something About You,http://www.siriusxm.com/albumart/Live/Default/DefaultMDS_m_52.jpg,1493369248.2916393
19,Chace,Belong,http://www.siriusxm.com/albumart/Live/Default/DefaultMDS_m_52.jpg,1493369488.3065894
20,Wuki,Let Me Go (feat. Prxzm),http://www.siriusxm.com/albumart/Live/Default/DefaultMDS_m_52.jpg,1493369668.3102105
21,Keys N Krates,U Already Know,http://www.siriusxm.com/albumart/Live/0830/keysnkrates_56755914_m.jpg,1493369848.3782694
22,Jay Hardway,Scio,http://www.siriusxm.com/albumart/Live/Default/DefaultMDS_m_52.jpg,1493370028.2765894
23,Alex Metric,Always There,http://www.siriusxm.com/albumart/Live/0900/alexmetric_56755184_m.jpg,1493370268.3120208
24,The Chainsmokers,It Won't Kill Ya (feat. Louane),http://www.siriusxm.com/albumart/Live/Default/DefaultMDS_m_52.jpg,1493370448.5443006
25,Dombresky,Technikal,http://www.siriusxm.com/albumart/Live/Default/DefaultMDS_m_52.jpg,1493370688.3226993
26,ilan Bluestone/Giuseppe De Luca,Frozen Ground,http://www.siriusxm.com/albumart/Live/Default/DefaultMDS_m_52.jpg,1493370928.288226
27,Pierce Fulton,Life In Letters,http://www.siriusxm.com/albumart/Live/Default/DefaultMDS_m_52.jpg,1493371108.3263242
28,Pegboard Nerds,Talk About It,http://www.siriusxm.com/albumart/Live/Default/DefaultMDS_m_52.jpg,1493371348.4851215
29,MAKJ/Max Styler/Elayna Boynton,Knock Me Down,http://www.siriusxm.com/albumart/Live/Default/DefaultMDS_m_52.jpg,1493371588.2873242
30,#NightOwlRadio,Fri 9pET @sxmElectro,http://www.siriusxm.com/albumart/Live/Default/DefaultMDS_m_52.jpg,1493371768.2953794
31,Flux Pavilion/Cammie Robinson,Pull The Trigger,http://www.siriusxm.com/albumart/Live/0930/fluxpavilion_58B7D968_m.jpg,1493371828.2834547
32,Yellow Claw,Open (ft. Moksi & John Fraser),http://www.siriusxm.com/albumart/Live/Default/DefaultMDS_m_52.jpg,1493372008.279502
33,Showtek/MC Ambush,90s By Nature,http://www.siriusxm.com/albumart/Live/Default/DefaultMDS_m_52.jpg,1493372248.3098586
34,Lucas & Steve/Pep & Rash,Feel Alive,http://www.siriusxm.com/albumart/Live/Default/DefaultMDS_m_52.jpg,1493372428.3268347
35,Tiesto/Sevenn,BOOM,http://www.siriusxm.com/albumart/Live/Default/DefaultMDS_m_52.jpg,1493372548.3141725
36,Bassnectar/ATLiens,Interlock,http://www.siriusxm.com/albumart/Live/Default/DefaultMDS_m_52.jpg,1493372728.2876716
37,Anna Lunoe & Sleepy Tom,Stay Awake,http://www.siriusxm.com/albumart/Live/Default/DefaultMDS_m_52.jpg,1493373028.3033779
38,Jaded,In The Morning,http://www.siriusxm.com/albumart/Live/Default/DefaultMDS_m_52.jpg,1493373208.3005352
39,MOTi/Katt Niall,Livin' 4 Ya,http://www.siriusxm.com/albumart/Live/Default/DefaultMDS_m_52.jpg,1493373388.3768325
40,Offaiah,Run,http://www.siriusxm.com/albumart/Live/Default/DefaultMDS_m_52.jpg,1493373628.3155134
41,Ummet Ozcan,On The Run,http://www.siriusxm.com/albumart/Live/Default/DefaultMDS_m_52.jpg,1493373748.3172176
42,Chris Lake,I Want You,http://www.siriusxm.com/albumart/Live/Default/DefaultMDS_m_52.jpg,1493373928.3056662
43,Todd Terry/DJ S.K.T.,Nite & Day,http://www.siriusxm.com/albumart/Live/Default/DefaultMDS_m_52.jpg,1493374288.3006306
44,Martin Garrix/Brooks,Byte,http://www.siriusxm.com/albumart/Live/Default/DefaultMDS_m_52.jpg,1493374408.3413696
45,Fletcher,Wasted Youth (Michael Brun Remix),http://www.siriusxm.com/albumart/Live/Default/DefaultMDS_m_52.jpg,1493374648.2788134
46,Swanky Tunes & Going Deeper,Far From Home,http://www.siriusxm.com/albumart/Live/Default/DefaultMDS_m_52.jpg,1493374888.3606436
47,Chace/Yade Lauren,Something About You,http://www.siriusxm.com/albumart/Live/Default/DefaultMDS_m_52.jpg,1493375068.284101
48,#SubliminalSessions,Tues 8pET @sxmElectro,http://www.siriusxm.com/albumart/Live/Default/DefaultMDS_m_52.jpg,1493375248.2975426
49,Jauz,The Game,http://www.siriusxm.com/albumart/Live/Default/DefaultMDS_m_52.jpg,1493375308.3297007
50,Wuki,Let Me Go (feat. Prxzm),http://www.siriusxm.com/albumart/Live/Default/DefaultMDS_m_52.jpg,1493375548.305535
51,Twinz Beatz,Kronos,http://www.siriusxm.com/albumart/Live/Default/DefaultMDS_m_52.jpg,1493375728.286584
52,Claptone/George Kranz,The Drums (Din Daa Daa),http://www.siriusxm.com/albumart/Live/Default/DefaultMDS_m_52.jpg,1493375968.3081484
53,Matroda,Get Down,http://www.siriusxm.com/albumart/Live/Default/DefaultMDS_m_52.jpg,1493376148.2931776
54,Pierce Fulton,Life In Letters,http://www.siriusxm.com/albumart/Live/Default/DefaultMDS_m_52.jpg,1493376328.315349
55,Electric Area,fb.com/sxmElectro,http://www.siriusxm.com/albumart/Live/Default/DefaultMDS_m_52.jpg,1493376508.2935915
56,Tom Staar/Rob & Jack,Sunshine,http://www.siriusxm.com/albumart/Live/Default/DefaultMDS_m_52.jpg,1493376628.2867572
57,MAKJ/Max Styler/Elayna Boynton,Knock Me Down,http://www.siriusxm.com/albumart/Live/Default/DefaultMDS_m_52.jpg,1493376748.354301
58,Sunnery James & Ryan Marciano,Horny Bounce,http://www.siriusxm.com/albumart/Live/Default/DefaultMDS_m_52.jpg,1493376928.3580544
59,#TheCookout,Tues 9pET @sxmElectro,http://www.siriusxm.com/albumart/Live/Default/DefaultMDS_m_52.jpg,1493377108.2927535
60,Jay Hardway,Scio,http://www.siriusxm.com/albumart/Live/Default/DefaultMDS_m_52.jpg,1493377168.2902071
61,Cut Snake,Echo,http://www.siriusxm.com/albumart/Live/1100/cutsnake_564B220F_m.jpg,1493377348.314941
62,The Chainsmokers,It Won't Kill Ya (feat. Louane),http://www.siriusxm.com/albumart/Live/Default/DefaultMDS_m_52.jpg,1493377588.2959054
63,Boombox Cartel,Alamo (feat. Shoffy),http://www.siriusxm.com/albumart/Live/Default/DefaultMDS_m_52.jpg,1493377828.2853599
64,Busy P/Mayer Hawthorne,Genie (KDA Remix),http://www.siriusxm.com/albumart/Live/Default/DefaultMDS_m_52.jpg,1493378068.2856257
65,Yellow Claw,Open (ft. Moksi & John Fraser),http://www.siriusxm.com/albumart/Live/Default/DefaultMDS_m_52.jpg,1493378248.2960234
66,Loopers,Tell Me,http://www.siriusxm.com/albumart/Live/Default/DefaultMDS_m_52.jpg,1493378488.3222046
67,Jaded,In The Morning,http://www.siriusxm.com/albumart/Live/Default/DefaultMDS_m_52.jpg,1493378728.3100913
68,Flux Pavilion/Cammie Robinson,Pull The Trigger,http://www.siriusxm.com/albumart/Live/1100/fluxpavilion_58B7D968_m.jpg,1493378908.3049386
69,Chris Lake,I Want You,http://www.siriusxm.com/albumart/Live/Default/DefaultMDS_m_52.jpg,1493379148.3003776
70,Dash Berlin/Emma Hewitt,Waiting [W&W Remix],http://www.siriusxm.com/albumart/Live/1130/dashberlinem_5406E94E_m.jpg,1493379388.3138034
71,Mija,Secrets,http://www.siriusxm.com/albumart/Live/Default/DefaultMDS_m_52.jpg,1493379628.3128815
72,Deorro/Teemu,Turn Back Time,http://www.siriusxm.com/albumart/Live/Default/DefaultMDS_m_52.jpg,1493379928.318658
73,Bassnectar/ATLiens,Interlock,http://www.siriusxm.com/albumart/Live/Default/DefaultMDS_m_52.jpg,1493380108.294236
74,Electric Area,fb.com/sxmElectro,http://www.siriusxm.com/albumart/Live/Default/DefaultMDS_m_52.jpg,1493380288.2941873
75,KURA/Melody Noel,Paper Roses,http://www.siriusxm.com/albumart/Live/Default/DefaultMDS_m_52.jpg,1493380348.2762175
76,Fletcher,Wasted Youth (Michael Brun Remix),http://www.siriusxm.com/albumart/Live/Default/DefaultMDS_m_52.jpg,1493380528.2988904
77,HI-LO,Ooh La La,http://www.siriusxm.com/albumart/Live/1130/hilo_5667EDFF_m.jpg,1493380768.2866006
78,@PrettyLights @sxmElectro,Tha Hot Sh*t,http://www.siriusxm.com/albumart/Live/Default/DefaultMDS_m_52.jpg,1493381008.3139565
79,@NGHTMRE @SlanderOfficial,#GudVibrationsRadio,http://www.siriusxm.com/albumart/Live/Default/DefaultMDS_m_52.jpg,1493384908.2926185
80,Tiesto/Sevenn,BOOM,http://www.siriusxm.com/albumart/Live/Default/DefaultMDS_m_52.jpg,1493388088.312008
81,Todd Terje,Snooze 4 Love (Dixon Remix),http://www.siriusxm.com/albumart/Live/1400/toddterje_57FF730B_m.jpg,1493388448.2839756
82,John de Sohn+Kristin Amparo,Dance Our Tears Away,http://www.siriusxm.com/albumart/Live/Default/DefaultMDS_m_52.jpg,1493388688.374308
83,W&W,Caribbean Rave,http://www.siriusxm.com/albumart/Live/1400/ww_5824744B_m.jpg,1493388868.3204613
84,Lucas & Steve,Calling On You (ft. Jake Reese),http://www.siriusxm.com/albumart/Live/Default/DefaultMDS_m_52.jpg,1493388988.2919312
85,Armand Van Helden,Spidey Sensei (feat. ML  SPINNIN),http://www.siriusxm.com/albumart/Live/Default/DefaultMDS_m_52.jpg,1493390008.37845
86,Just Kiddin,Won't Let You Down,http://www.siriusxm.com/albumart/Live/Default/DefaultMDS_m_52.jpg,1493390368.330297
87,Mikey B/Tiesto,Stay A While,http://www.siriusxm.com/albumart/Live/1430/mikeybtiesto_5505542C_m.jpg,1493390428.3019598
88,Third Party,Live Forever,http://www.siriusxm.com/albumart/Live/1430/thirdparty_586E54A7_m.jpg,1493390968.426942
89,@Hardwell @sxmElectro,#HOA314 #TiestoSXM,http://www.siriusxm.com/albumart/Live/Default/DefaultMDS_m_52.jpg,1493391868.3270295
90,Purple Disco Machine,Walls,http://www.siriusxm.com/albumart/Live/1530/purplediscom_57FF6553_m.jpg,1493394988.315773
91,@SJ_RM @sxmElectro,#SBNradio #ElectricArea,http://www.siriusxm.com/albumart/Live/Default/DefaultMDS_m_52.jpg,1493395408.3359234
92,@Tritonal @sxmElectro,#Tritonia #ElectricArea,http://www.siriusxm.com/albumart/Live/Default/DefaultMDS_m_52.jpg,1493399008.3177776
93,@atbandre @sxmElectro,#TheCookout #ElectricArea,http://www.siriusxm.com/albumart/Live/Default/DefaultMDS_m_52.jpg,1493402848.260564
94,@djMarkKnight @sxmElectro,#ToolroomRadio,http://www.siriusxm.com/albumart/Live/Default/DefaultMDS_m_52.jpg,1493442214.0544496
