,artist,title,albumart,time
0,Bruno Mars,That's What I Like,http://www.siriusxm.com/albumart/Live/0400/brunomars_58C80E78_m.jpg,1493352723.3899207
1,James Arthur,Say You Won't Let Go,http://www.siriusxm.com/albumart/Live/0400/jamesarthur_58B69EF7_m.jpg,1493353440.716398
2,Chainsmokers,Paris,http://www.siriusxm.com/albumart/Live/0400/chainsmokers_58A83CE8_m.jpg,1493353566.1105778
3,Selena Gomez/Kygo,It Ain't Me,http://www.siriusxm.com/albumart/Live/0430/selenagomezk_58AE42A3_m.jpg,1493353952.6809778
4,Julia Michaels,Issues,http://www.siriusxm.com/albumart/Live/0430/juliamichael_58783EB5_m.jpg,1493354215.3589005
5,Ed Sheeran,Castle On The Hill,http://www.siriusxm.com/albumart/Live/0430/edsheeran_5870714F_m.jpg,1493354396.2071314
6,@MikeyPiff,FB/SiriusXMHits1,http://www.siriusxm.com/albumart/Live/Default/DefaultMDS_m_2.jpg,1493354538.3567662
7,Bruno Mars,24K Magic,http://www.siriusxm.com/albumart/Live/0430/brunomars_580AA038_m.jpg,1493354612.8532774
8,Zedd/Alessia Cara,Stay,http://www.siriusxm.com/albumart/Live/0430/zeddalessiac_58B093BC_m.jpg,1493355209.9132485
9,One Direction,Drag Me Down,http://www.siriusxm.com/albumart/Live/0430/onedirection_564864EF_m.jpg,1493355327.6204908
10,Wutchuwant Crew,siriusxm.com/hits1,http://www.siriusxm.com/albumart/Live/Default/DefaultMDS_m_2.jpg,1493355508.399851
11,Lorde,Green Light,http://www.siriusxm.com/albumart/Live/0430/lorde_58BE829D_m.jpg,1493355568.3152564
12,AJR,Weak,http://www.siriusxm.com/albumart/Live/0500/ajr_58929C7F_m.jpg,1493355748.2690356
13,Ed Sheeran,Shape Of You,http://www.siriusxm.com/albumart/Live/0500/edsheeran_58815DB6_m.jpg,1493355988.3169775
14,The Chainsmokers/Halsey,Closer,http://www.siriusxm.com/albumart/Live/0500/thechainsmok_57D878ED_m.jpg,1493356228.273208
15,FB/SiriusXMHits1,Trending NOW!,http://www.siriusxm.com/albumart/Live/Default/DefaultMDS_m_2.jpg,1493356468.297024
16,Train,Play That Song,http://www.siriusxm.com/albumart/Live/0500/train_581BDD11_m.jpg,1493356528.4580054
17,The Vamps/Matoma,All Night,http://www.siriusxm.com/albumart/Live/0500/thevampsmato_5893B63C_m.jpg,1493356768.3677802
18,Bruno Mars,That's What I Like,http://www.siriusxm.com/albumart/Live/0500/brunomars_58C80E78_m.jpg,1493356888.3031929
19,Wutchuwant Crew,siriusxm.com/hits1,http://www.siriusxm.com/albumart/Live/Default/DefaultMDS_m_2.jpg,1493357068.2968528
20,Maroon 5,Cold,http://www.siriusxm.com/albumart/Live/0500/maroon5_58A5F7DE_m.jpg,1493357128.2567055
21,Lady Gaga,The Cure,http://www.siriusxm.com/albumart/Live/0500/ladygaga_58F85D58_m.jpg,1493357308.2779648
22,Niall Horan,This Town,http://www.siriusxm.com/albumart/Live/0530/niallhoran_582242D7_m.jpg,1493357488.3199859
23,Clean Bandit/Sean Paul/Anne Marie,Rockabye,http://www.siriusxm.com/albumart/Live/0530/cleanbandits_58CA6C3E_m.jpg,1493357728.2909675
24,Ed Sheeran,Castle On The Hill,http://www.siriusxm.com/albumart/Live/0530/edsheeran_5870714F_m.jpg,1493357968.2779748
25,Wutchuwant Crew,siriusxm.com/hits1,http://www.siriusxm.com/albumart/Live/Default/DefaultMDS_m_2.jpg,1493358148.28351
26,Kungs/Ephemerals,I Feel So Bad,http://www.siriusxm.com/albumart/Live/0530/kungsephemer_58E86725_m.jpg,1493358208.2931688
27,Hailee Steinfeld/Grey/Zedd,Starving,http://www.siriusxm.com/albumart/Live/0530/haileesteinf_57F72E30_m.jpg,1493358388.3606384
28,Imagine Dragons,Believer,http://www.siriusxm.com/albumart/Live/0530/imaginedrago_590247DE_m.jpg,1493358568.3353755
29,Chainsmokers,Paris,http://www.siriusxm.com/albumart/Live/0530/chainsmokers_58A83CE8_m.jpg,1493358748.2755234
30,MAX/Gnash,Lights Down Low,http://www.siriusxm.com/albumart/Live/0530/maxgnash_586F01C1_m.jpg,1493358928.358317
31,Fifth Harmony,Worth It,http://www.siriusxm.com/albumart/Live/0530/fifthharmony_581EF298_m.jpg,1493359168.2846074
32,Adele,Water Under The Bridge,http://www.siriusxm.com/albumart/Live/0600/adele_582CEC79_m.jpg,1493359348.5522704
33,Calvin Harris/Frank Ocean/Migos,Slide,http://www.siriusxm.com/albumart/Live/0600/calvinharris_58B8FBCB_m.jpg,1493359588.2755787
34,Shawn Mendes,Mercy,http://www.siriusxm.com/albumart/Live/0600/shawnmendes_58021727_m.jpg,1493359768.4556682
35,Zedd/Alessia Cara,Stay,http://www.siriusxm.com/albumart/Live/0600/zeddalessiac_58B093BC_m.jpg,1493360008.3112388
36,Linkin Park/Kiiara,Heavy,http://www.siriusxm.com/albumart/Live/0600/linkinparkki_58AD28F0_m.jpg,1493360248.439327
37,@MikeyPiff,FB/SiriusXMHits1,http://www.siriusxm.com/albumart/Live/Default/DefaultMDS_m_2.jpg,1493360368.3268626
38,Steve Aoki/Louis Tomlinson,Just Hold On,http://www.siriusxm.com/albumart/Live/0600/steveaokilou_5859D85F_m.jpg,1493360428.2839859
39,Chainsmokers/Coldplay,Something Just Like This,http://www.siriusxm.com/albumart/Live/0600/chainsmokers_58C328AC_m.jpg,1493360608.2887244
40,Ed Sheeran,Shape Of You,http://www.siriusxm.com/albumart/Live/0600/edsheeran_58815DB6_m.jpg,1493360848.285289
41,@MikeyPiff,FB/SiriusXMHits1,http://www.siriusxm.com/albumart/Live/Default/DefaultMDS_m_2.jpg,1493361028.2899694
42,Flo Rida/99 Percent,Cake,http://www.siriusxm.com/albumart/Live/0630/florida99per_58FBE788_m.jpg,1493361088.2948482
43,Panic! At The Disco,L.A. Devotee,http://www.siriusxm.com/albumart/Live/0630/panicatthedi_5893B631_m.jpg,1493361208.2836275
44,Ellie Goulding,On My Mind,http://www.siriusxm.com/albumart/Live/0630/elliegouldin_561BBC2A_m.jpg,1493361448.2797053
45,Charlie Puth,Attention,http://www.siriusxm.com/albumart/Live/0630/charlieputh_58F97557_m.jpg,1493361628.295778
46,@MikeyPiff,FB/SiriusXMHits1,http://www.siriusxm.com/albumart/Live/Default/DefaultMDS_m_2.jpg,1493361808.2937913
47,Bruno Mars,That's What I Like,http://www.siriusxm.com/albumart/Live/0630/brunomars_58C80E78_m.jpg,1493361868.26798
48,Maroon 5,Don't Wanna Know,http://www.siriusxm.com/albumart/Live/0630/maroon5_5802172D_m.jpg,1493362048.2983472
49,The Chainsmokers/Halsey,Closer,http://www.siriusxm.com/albumart/Live/0630/thechainsmok_57D878ED_m.jpg,1493362228.2877688
50,Katy Perry,Roar,http://www.siriusxm.com/albumart/Live/0630/katyperry_58136D1B_m.jpg,1493362468.3111405
51,Ed Sheeran,Castle On The Hill,http://www.siriusxm.com/albumart/Live/0630/edsheeran_5870714F_m.jpg,1493362708.3155887
52,AJR,Weak,http://www.siriusxm.com/albumart/Live/0700/ajr_58929C7F_m.jpg,1493362948.283832
53,James Arthur,Say You Won't Let Go,http://www.siriusxm.com/albumart/Live/0700/jamesarthur_58B69EF7_m.jpg,1493363128.2845721
54,Zedd/Alessia Cara,Stay,http://www.siriusxm.com/albumart/Live/0700/zeddalessiac_58B093BC_m.jpg,1493363368.2945325
55,Fitz & The Tantrums,HandClap,http://www.siriusxm.com/albumart/Live/0700/fitzthetantr_5835183E_m.jpg,1493363608.3163133
56,Shawn Mendes,Mercy,http://www.siriusxm.com/albumart/Live/0700/shawnmendes_58021727_m.jpg,1493363788.2814994
57,Fall Out Boy,Young & Menace,http://www.siriusxm.com/albumart/Live/0700/falloutboy_59022142_m.jpg,1493363968.303705
58,Chainsmokers,Paris,http://www.siriusxm.com/albumart/Live/0700/chainsmokers_58A83CE8_m.jpg,1493364208.3089564
59,Coldplay,Hymn For The Weekend,http://www.siriusxm.com/albumart/Live/0700/coldplay_584E7088_m.jpg,1493364388.4387355
60,Shawn Mendes,There's Nothing Holdin' Me Back,http://www.siriusxm.com/albumart/Live/0700/shawnmendes_58F8325E_m.jpg,1493364568.4572566
61,Selena Gomez/Kygo,It Ain't Me,http://www.siriusxm.com/albumart/Live/0730/selenagomezk_58AE42A3_m.jpg,1493364748.4919472
62,Ed Sheeran,Shape Of You,http://www.siriusxm.com/albumart/Live/0730/edsheeran_58815DB6_m.jpg,1493364928.2701955
63,Julia Michaels,Issues,http://www.siriusxm.com/albumart/Live/0730/juliamichael_58783EB5_m.jpg,1493365168.2719588
64,Jon Bellion,All Time Low,http://www.siriusxm.com/albumart/Live/0730/jonbellion_58DABE3F_m.jpg,1493365348.317163
65,Maroon 5,Cold,http://www.siriusxm.com/albumart/Live/0730/maroon5_58A5F7DE_m.jpg,1493365528.2770047
66,Bruno Mars,That's What I Like,http://www.siriusxm.com/albumart/Live/0730/brunomars_58C80E78_m.jpg,1493365768.2474506
67,The Vamps/Matoma,All Night,http://www.siriusxm.com/albumart/Live/0730/thevampsmato_5893B63C_m.jpg,1493365948.2886233
68,Panic! At The Disco,Victorious,http://www.siriusxm.com/albumart/Live/0730/panicatthedi_561BBC2E_m.jpg,1493366128.4266338
69,James Hersey,Miss You,http://www.siriusxm.com/albumart/Live/0730/jameshersey_5893B5AD_m.jpg,1493366308.2777164
70,Clean Bandit/Sean Paul/Anne Marie,Rockabye,http://www.siriusxm.com/albumart/Live/0800/cleanbandits_58CA6C3E_m.jpg,1493366488.2874222
71,Halsey,Now Or Never,http://www.siriusxm.com/albumart/Live/0800/halsey_58ED44AB_m.jpg,1493366668.308949
72,Zayn/Taylor Swift,I Don't Wanna Live Forever,http://www.siriusxm.com/albumart/Live/0800/zayntaylorsw_589F2ED7_m.jpg,1493366908.273556
73,FB/SiriusXMHits1,Trending NOW!,http://www.siriusxm.com/albumart/Live/Default/DefaultMDS_m_2.jpg,1493367148.28229
74,Ed Sheeran,Castle On The Hill,http://www.siriusxm.com/albumart/Live/0800/edsheeran_5870714F_m.jpg,1493367268.2903113
75,Lady Gaga,The Cure,http://www.siriusxm.com/albumart/Live/0800/ladygaga_58F85D58_m.jpg,1493367448.2871213
76,Imagine Dragons,Believer,http://www.siriusxm.com/albumart/Live/0800/imaginedrago_590247DE_m.jpg,1493367628.2609065
77,Bruno Mars,24K Magic,http://www.siriusxm.com/albumart/Live/0800/brunomars_580AA038_m.jpg,1493367808.2970624
78,MAX/Gnash,Lights Down Low,http://www.siriusxm.com/albumart/Live/0800/maxgnash_586F01C1_m.jpg,1493368048.2763882
79,Chainsmokers,Paris,http://www.siriusxm.com/albumart/Live/0830/chainsmokers_58A83CE8_m.jpg,1493368288.2790349
80,Linkin Park/Kiiara,Heavy,http://www.siriusxm.com/albumart/Live/0830/linkinparkki_58AD28F0_m.jpg,1493368468.299491
81,Shawn Mendes,Mercy,http://www.siriusxm.com/albumart/Live/0830/shawnmendes_58021727_m.jpg,1493368648.2805204
82,Adele,Water Under The Bridge,http://www.siriusxm.com/albumart/Live/0830/adele_582CEC79_m.jpg,1493368888.4579115
83,Zedd/Alessia Cara,Stay,http://www.siriusxm.com/albumart/Live/0830/zeddalessiac_58B093BC_m.jpg,1493369068.4685855
84,Charlie Puth,Attention,http://www.siriusxm.com/albumart/Live/0830/charlieputh_58F97557_m.jpg,1493369248.3026516
85,Train,Play That Song,http://www.siriusxm.com/albumart/Live/0830/train_581BDD11_m.jpg,1493369488.3175626
86,Chainsmokers/Coldplay,Something Just Like This,http://www.siriusxm.com/albumart/Live/0830/chainsmokers_58C328AC_m.jpg,1493369668.3022258
87,Ed Sheeran,Shape Of You,http://www.siriusxm.com/albumart/Live/0830/edsheeran_58815DB6_m.jpg,1493369908.3345096
88,AJR,Weak,http://www.siriusxm.com/albumart/Live/0900/ajr_58929C7F_m.jpg,1493370148.2900155
89,Bruno Mars,That's What I Like,http://www.siriusxm.com/albumart/Live/0900/brunomars_58C80E78_m.jpg,1493370328.3138175
90,Panic! At The Disco,L.A. Devotee,http://www.siriusxm.com/albumart/Live/0900/panicatthedi_5893B631_m.jpg,1493370568.2926095
91,FB/SiriusXMHits1,Trending NOW!,http://www.siriusxm.com/albumart/Live/Default/DefaultMDS_m_2.jpg,1493370748.3039732
92,Calvin Harris/Frank Ocean/Migos,Slide,http://www.siriusxm.com/albumart/Live/0900/calvinharris_58B8FBCB_m.jpg,1493370808.3082285
93,Hailee Steinfeld/Grey/Zedd,Starving,http://www.siriusxm.com/albumart/Live/0900/haileesteinf_57F72E30_m.jpg,1493370988.3185735
94,Chainsmokers,Paris,http://www.siriusxm.com/albumart/Live/0900/chainsmokers_58A83CE8_m.jpg,1493371168.3024
95,James Arthur,Say You Won't Let Go,http://www.siriusxm.com/albumart/Live/0900/jamesarthur_58B69EF7_m.jpg,1493371348.4821134
96,Jon Bellion,All Time Low,http://www.siriusxm.com/albumart/Live/0900/jonbellion_58DABE3F_m.jpg,1493371528.3020105
97,Harry Styles,Sign Of The Times,http://www.siriusxm.com/albumart/Live/0900/harrystyles_5900A1BA_m.jpg,1493371768.3053894
98,Selena Gomez/Kygo,It Ain't Me,http://www.siriusxm.com/albumart/Live/0930/selenagomezk_58AE42A3_m.jpg,1493372068.4934034
99,Ed Sheeran,Castle On The Hill,http://www.siriusxm.com/albumart/Live/0930/edsheeran_5870714F_m.jpg,1493372248.2978895
100,Flo Rida/99 Percent,Cake,http://www.siriusxm.com/albumart/Live/0930/florida99per_58FBE788_m.jpg,1493372488.3194606
101,Shawn Mendes,Mercy,http://www.siriusxm.com/albumart/Live/0930/shawnmendes_58021727_m.jpg,1493372668.3086665
102,Zedd/Alessia Cara,Stay,http://www.siriusxm.com/albumart/Live/0930/zeddalessiac_58B093BC_m.jpg,1493372848.295492
103,Wutchuwant Crew,siriusxm.com/hits1,http://www.siriusxm.com/albumart/Live/Default/DefaultMDS_m_2.jpg,1493373028.2973726
104,Twenty One Pilots,Stressed Out,http://www.siriusxm.com/albumart/Live/0930/twentyonepil_5898AE1A_m.jpg,1493373088.2890186
105,Kungs/Ephemerals,I Feel So Bad,http://www.siriusxm.com/albumart/Live/0930/kungsephemer_58E86725_m.jpg,1493373268.290102
106,Niall Horan,This Town,http://www.siriusxm.com/albumart/Live/0930/niallhoran_582242D7_m.jpg,1493373448.3863928
107,@MorningMashUp,FB/MorningMashUp,http://www.siriusxm.com/albumart/Live/Default/DefaultMDS_m_2.jpg,1493373688.319628
108,Ed Sheeran,Shape Of You,http://www.siriusxm.com/albumart/Live/1000/edsheeran_58815DB6_m.jpg,1493373748.297693
109,Clean Bandit/Sean Paul/Anne Marie,Rockabye,http://www.siriusxm.com/albumart/Live/1000/cleanbandits_58CA6C3E_m.jpg,1493373988.4453163
110,Maroon 5,Don't Wanna Know,http://www.siriusxm.com/albumart/Live/1000/maroon5_5802172D_m.jpg,1493374288.3460126
111,Chainsmokers,Paris,http://www.siriusxm.com/albumart/Live/1000/chainsmokers_58A83CE8_m.jpg,1493374468.2908494
112,Shawn Mendes,There's Nothing Holdin' Me Back,http://www.siriusxm.com/albumart/Live/1000/shawnmendes_58F8325E_m.jpg,1493374708.2642365
113,@MorningMashUp,FB/MorningMashUp,http://www.siriusxm.com/albumart/Live/Default/DefaultMDS_m_2.jpg,1493374888.3691585
114,Wiz Khalifa/Charlie Puth,See You Again,http://www.siriusxm.com/albumart/Live/Default/DefaultMDS_m_2.jpg,1493375008.3055232
115,Bruno Mars,That's What I Like,http://www.siriusxm.com/albumart/Live/1000/brunomars_58C80E78_m.jpg,1493375248.3145394
116,Imagine Dragons,Believer,http://www.siriusxm.com/albumart/Live/1030/imaginedrago_590247DE_m.jpg,1493375428.3027587
117,@MorningMashUp,FB/MorningMashUp,http://www.siriusxm.com/albumart/Live/Default/DefaultMDS_m_2.jpg,1493375608.3039722
118,Zayn/Taylor Swift,I Don't Wanna Live Forever,http://www.siriusxm.com/albumart/Live/1030/zayntaylorsw_589F2ED7_m.jpg,1493375728.2955904
119,Zedd/Alessia Cara,Stay,http://www.siriusxm.com/albumart/Live/1030/zeddalessiac_58B093BC_m.jpg,1493375968.3201518
120,Maroon 5,Cold,http://www.siriusxm.com/albumart/Live/1030/maroon5_58A5F7DE_m.jpg,1493376148.3260589
121,@MorningMashUp,FB/MorningMashUp,http://www.siriusxm.com/albumart/Live/Default/DefaultMDS_m_2.jpg,1493376328.3083484
122,The Weeknd,Can't Feel My Face,http://www.siriusxm.com/albumart/Live/1030/theweeknd_560410C2_m.jpg,1493376448.3089163
123,Julia Michaels,Issues,http://www.siriusxm.com/albumart/Live/1030/juliamichael_58783EB5_m.jpg,1493376628.367765
124,Ed Sheeran,Castle On The Hill,http://www.siriusxm.com/albumart/Live/1030/edsheeran_5870714F_m.jpg,1493376868.305749
125,Chainsmokers/Coldplay,Something Just Like This,http://www.siriusxm.com/albumart/Live/1030/chainsmokers_58C328AC_m.jpg,1493377048.3662252
126,@MorningMashUp,FB/MorningMashUp,http://www.siriusxm.com/albumart/Live/Default/DefaultMDS_m_2.jpg,1493377288.300116
127,James Arthur,Say You Won't Let Go,http://www.siriusxm.com/albumart/Live/1100/jamesarthur_58B69EF7_m.jpg,1493377468.492086
128,The Vamps/Matoma,All Night,http://www.siriusxm.com/albumart/Live/1100/thevampsmato_5893B63C_m.jpg,1493377588.3145258
129,Fitz & The Tantrums,HandClap,http://www.siriusxm.com/albumart/Live/1100/fitzthetantr_5835183E_m.jpg,1493377888.3246114
130,Chainsmokers,Paris,http://www.siriusxm.com/albumart/Live/1100/chainsmokers_58A83CE8_m.jpg,1493378128.2928505
131,Shawn Mendes,Mercy,http://www.siriusxm.com/albumart/Live/1100/shawnmendes_58021727_m.jpg,1493378308.3141966
132,@MorningMashUp,FB/MorningMashUp,http://www.siriusxm.com/albumart/Live/Default/DefaultMDS_m_2.jpg,1493378488.3106825
133,My Chemical Romance,Welcome To The Black Parade,http://www.siriusxm.com/albumart/Live/1100/mychemicalro_581112E8_m.jpg,1493378668.3046458
134,Bruno Mars,That's What I Like,http://www.siriusxm.com/albumart/Live/1100/brunomars_58C80E78_m.jpg,1493378908.293918
135,Wutchuwant Crew,siriusxm.com/hits1,http://www.siriusxm.com/albumart/Live/Default/DefaultMDS_m_2.jpg,1493379088.3011158
136,Hailee Steinfeld/Grey/Zedd,Starving,http://www.siriusxm.com/albumart/Live/1130/haileesteinf_57F72E30_m.jpg,1493379148.2888875
137,@MorningMashUp,FB/MorningMashUp,http://www.siriusxm.com/albumart/Live/Default/DefaultMDS_m_2.jpg,1493379268.3059828
138,Selena Gomez/Kygo,It Ain't Me,http://www.siriusxm.com/albumart/Live/1130/selenagomezk_58AE42A3_m.jpg,1493379508.367713
139,Ed Sheeran,Shape Of You,http://www.siriusxm.com/albumart/Live/1130/edsheeran_58815DB6_m.jpg,1493379688.3166902
140,Lady Gaga,The Cure,http://www.siriusxm.com/albumart/Live/1130/ladygaga_58F85D58_m.jpg,1493379928.3156564
141,Ariana Grande,Dangerous Woman,http://www.siriusxm.com/albumart/Live/1130/arianagrande_56EAB4CF_m.jpg,1493380108.305248
142,Wutchuwant Crew,siriusxm.com/hits1,http://www.siriusxm.com/albumart/Live/Default/DefaultMDS_m_2.jpg,1493380288.3052056
143,Zedd/Alessia Cara,Stay,http://www.siriusxm.com/albumart/Live/1130/zeddalessiac_58B093BC_m.jpg,1493380348.2882063
144,Panic! At The Disco,L.A. Devotee,http://www.siriusxm.com/albumart/Live/1130/panicatthedi_5893B631_m.jpg,1493380528.307886
145,Machine Gun Kelly/Camila Cabello,Bad Things,http://www.siriusxm.com/albumart/Live/1130/machinegunke_5840CCB1_m.jpg,1493380708.3277063
146,@MorningMashUp,FB/MorningMashUp,http://www.siriusxm.com/albumart/Live/Default/DefaultMDS_m_2.jpg,1493380948.3317266
147,Ed Sheeran,Castle On The Hill,http://www.siriusxm.com/albumart/Live/1200/edsheeran_5870714F_m.jpg,1493381008.3259635
148,Clean Bandit/Sean Paul/Anne Marie,Rockabye,http://www.siriusxm.com/albumart/Live/1200/cleanbandits_58CA6C3E_m.jpg,1493381368.2840126
149,Steve Aoki/Louis Tomlinson,Just Hold On,http://www.siriusxm.com/albumart/Live/1200/steveaokilou_5859D85F_m.jpg,1493381548.3071113
150,Fall Out Boy,Young & Menace,http://www.siriusxm.com/albumart/Live/1200/falloutboy_59022142_m.jpg,1493381788.2970824
151,Chainsmokers,Paris,http://www.siriusxm.com/albumart/Live/1200/chainsmokers_58A83CE8_m.jpg,1493381968.2903035
152,@MorningMashUp,FB/MorningMashUp,http://www.siriusxm.com/albumart/Live/Default/DefaultMDS_m_2.jpg,1493382148.2956245
153,Charlie Puth,Attention,http://www.siriusxm.com/albumart/Live/1200/charlieputh_58F97557_m.jpg,1493382328.3406544
154,Maroon 5,Don't Wanna Know,http://www.siriusxm.com/albumart/Live/1200/maroon5_5802172D_m.jpg,1493382508.2988741
155,Bruno Mars,That's What I Like,http://www.siriusxm.com/albumart/Live/1230/brunomars_58C80E78_m.jpg,1493382748.3520086
156,"Cheryl Weidenweber/Norwood, OH",Best FB Friend 4Ever!!!,http://www.siriusxm.com/albumart/Live/Default/DefaultMDS_m_2.jpg,1493382928.3000429
157,Shawn Mendes,Mercy,http://www.siriusxm.com/albumart/Live/1230/shawnmendes_58021727_m.jpg,1493383108.2888722
158,Ed Sheeran,Shape Of You,http://www.siriusxm.com/albumart/Live/1230/edsheeran_58815DB6_m.jpg,1493383288.307272
159,The Chainsmokers/Halsey,Closer,http://www.siriusxm.com/albumart/Live/1230/thechainsmok_57D878ED_m.jpg,1493383588.3363822
160,Taylor Swift,New Romantics,http://www.siriusxm.com/albumart/Live/1230/taylorswift_58F63247_m.jpg,1493383768.3087938
161,Harry Styles,Sign Of The Times,http://www.siriusxm.com/albumart/Live/1230/harrystyles_5900A1BA_m.jpg,1493384128.3474658
162,Zedd/Alessia Cara,Stay,http://www.siriusxm.com/albumart/Live/1230/zeddalessiac_58B093BC_m.jpg,1493384368.3393874
163,James Arthur,Say You Won't Let Go,http://www.siriusxm.com/albumart/Live/1300/jamesarthur_58B69EF7_m.jpg,1493384668.3069882
164,Chainsmokers,Paris,http://www.siriusxm.com/albumart/Live/1300/chainsmokers_58A83CE8_m.jpg,1493384788.4274619
165,AJR,Weak,http://www.siriusxm.com/albumart/Live/1300/ajr_58929C7F_m.jpg,1493384968.3380651
166,5 Seconds of Summer,She Looks So Perfect,http://www.siriusxm.com/albumart/Live/1330/secondsofsum_57463A41_m.jpg,1493386528.2789714
167,Ed Sheeran,Shape Of You,http://www.siriusxm.com/albumart/Live/1330/edsheeran_58815DB6_m.jpg,1493386888.3456266
168,Zedd/Alessia Cara,Stay,http://www.siriusxm.com/albumart/Live/1330/zeddalessiac_58B093BC_m.jpg,1493387608.424726
169,Maroon 5,Cold,http://www.siriusxm.com/albumart/Live/1330/maroon5_58A5F7DE_m.jpg,1493387848.323173
170,Zayn/Taylor Swift,I Don't Wanna Live Forever,http://www.siriusxm.com/albumart/Live/1330/zayntaylorsw_589F2ED7_m.jpg,1493387908.3295505
171,Justin Timberlake,Can't Stop The Feeling,http://www.siriusxm.com/albumart/Live/1400/justintimber_5765C427_m.jpg,1493388448.2960198
172,@MorningMashUp,FB/MorningMashUp,http://www.siriusxm.com/albumart/Live/Default/DefaultMDS_m_2.jpg,1493388688.349068
173,Linkin Park/Kiiara,Heavy,http://www.siriusxm.com/albumart/Live/1400/linkinparkki_58AD28F0_m.jpg,1493388868.3074088
174,Wutchuwant Crew,siriusxm.com/hits1,http://www.siriusxm.com/albumart/Live/Default/DefaultMDS_m_2.jpg,1493388928.3282418
175,Chainsmokers,Paris,http://www.siriusxm.com/albumart/Live/1400/chainsmokers_58A83CE8_m.jpg,1493388988.303914
176,Ed Sheeran,Castle On The Hill,http://www.siriusxm.com/albumart/Live/1430/edsheeran_5870714F_m.jpg,1493389888.2938616
177,The Chainsmokers/Halsey,Closer,http://www.siriusxm.com/albumart/Live/1430/thechainsmok_57D878ED_m.jpg,1493390008.4089954
178,Hailee Steinfeld/Grey/Zedd,Starving,http://www.siriusxm.com/albumart/Live/1430/haileesteinf_57F72E30_m.jpg,1493390428.315944
179,Taylor Swift,I Knew You Were Trouble,http://www.siriusxm.com/albumart/Live/1430/taylorswift_557CCA00_m.jpg,1493390968.3279078
180,Ed Sheeran,Shape Of You,http://www.siriusxm.com/albumart/Live/1430/edsheeran_58815DB6_m.jpg,1493391268.3342824
181,Snakehips/MO,Don't Leave,http://www.siriusxm.com/albumart/Live/1430/snakehipsmo_588161AC_m.jpg,1493391508.3044784
182,@MorningMashUp,FB/MorningMashUp,http://www.siriusxm.com/albumart/Live/Default/DefaultMDS_m_2.jpg,1493391868.338008
183,Chainsmokers,Paris,http://www.siriusxm.com/albumart/Live/1500/chainsmokers_58A83CE8_m.jpg,1493392588.2986453
184,Ed Sheeran,Castle On The Hill,http://www.siriusxm.com/albumart/Live/1530/edsheeran_5870714F_m.jpg,1493394148.4575152
185,Charlie Puth,One Call Away,http://www.siriusxm.com/albumart/Live/1530/charlieputh_5840CC2E_m.jpg,1493394688.3844664
186,Zedd/Alessia Cara,Stay,http://www.siriusxm.com/albumart/Live/1530/zeddalessiac_58B093BC_m.jpg,1493394868.4393911
187,Imagine Dragons,Believer,http://www.siriusxm.com/albumart/Live/1530/imaginedrago_590247DE_m.jpg,1493395048.29518
188,Machine Gun Kelly/Camila Cabello,Bad Things,http://www.siriusxm.com/albumart/Live/1600/machinegunke_5840CCB1_m.jpg,1493395408.3184
189,Chainsmokers,Paris,http://www.siriusxm.com/albumart/Live/1600/chainsmokers_58A83CE8_m.jpg,1493396308.3656325
190,The Vamps/Matoma,All Night,http://www.siriusxm.com/albumart/Live/1630/thevampsmato_5893B63C_m.jpg,1493398228.3277314
191,Fitz & The Tantrums,HandClap,http://www.siriusxm.com/albumart/Live/1630/fitzthetantr_5835183E_m.jpg,1493398288.3048859
192,Bruno Mars,That's What I Like,http://www.siriusxm.com/albumart/Live/1630/brunomars_58C80E78_m.jpg,1493398528.3523061
193,Charlie Puth,Attention,http://www.siriusxm.com/albumart/Live/1700/charlieputh_58F97557_m.jpg,1493399008.3402908
194,Wutchuwant Crew,siriusxm.com/hits1,http://www.siriusxm.com/albumart/Live/Default/DefaultMDS_m_2.jpg,1493399308.2941349
195,Chainsmokers/Coldplay,Something Just Like This,http://www.siriusxm.com/albumart/Live/1700/chainsmokers_58C328AC_m.jpg,1493399368.336946
196,Flo Rida/99 Percent,Cake,http://www.siriusxm.com/albumart/Live/1700/florida99per_58FBE788_m.jpg,1493399968.3032892
197,Panic! At The Disco,L.A. Devotee,http://www.siriusxm.com/albumart/Live/1700/panicatthedi_5893B631_m.jpg,1493400028.318341
198,Niall Horan,This Town,http://www.siriusxm.com/albumart/Live/1700/niallhoran_582242D7_m.jpg,1493400448.295751
199,Hailee Steinfeld/Grey/Zedd,Starving,http://www.siriusxm.com/albumart/Live/1730/haileesteinf_57F72E30_m.jpg,1493401228.320651
200,Imagine Dragons,Believer,http://www.siriusxm.com/albumart/Live/1730/imaginedrago_590247DE_m.jpg,1493401588.31781
201,Chainsmokers,Paris,http://www.siriusxm.com/albumart/Live/1730/chainsmokers_58A83CE8_m.jpg,1493401828.341175
202,Halsey,Now Or Never,http://www.siriusxm.com/albumart/Live/1800/halsey_58ED44AB_m.jpg,1493402848.2771516
203,Ed Sheeran,Castle On The Hill,http://www.siriusxm.com/albumart/Live/1800/edsheeran_5870714F_m.jpg,1493403688.3203552
204,Shawn Mendes,Mercy,http://www.siriusxm.com/albumart/Live/1800/shawnmendes_58021727_m.jpg,1493403988.3244662
205,Bruno Mars,That's What I Like,http://www.siriusxm.com/albumart/Live/1830/brunomars_58C80E78_m.jpg,1493404288.313018
206,@MorningMashUp,FB/MorningMashUp,http://www.siriusxm.com/albumart/Live/Default/DefaultMDS_m_2.jpg,1493404528.3480575
207,Maroon 5,Cold,http://www.siriusxm.com/albumart/Live/1830/maroon5_58A5F7DE_m.jpg,1493405488.3456812
