2017-04-25 22:51:01 [scrapy.utils.log] INFO: Scrapy 1.3.3 started (bot: sxm)
2017-04-25 22:51:01 [scrapy.utils.log] INFO: Overridden settings: {'SPIDER_MODULES': ['sxm.spiders'], 'BOT_NAME': 'sxm', 'FEED_URI': 'file:///tmp/output.jl', 'LOG_FILE': 'logs\\sxm\\sxm\\2a33810a2a2b11e78d46f0def102ff51.log', 'FEED_EXPORT_ENCODING': 'utf-8', 'NEWSPIDER_MODULE': 'sxm.spiders', 'FEED_EXPORT_FIELDS': ['channel', 'artist', 'title', 'albumart', 'time'], 'ROBOTSTXT_OBEY': True}
2017-04-25 22:51:01 [scrapy.middleware] INFO: Enabled extensions:
['scrapy.extensions.logstats.LogStats',
 'scrapy.extensions.feedexport.FeedExporter',
 'scrapy.extensions.telnet.TelnetConsole',
 'scrapy.extensions.corestats.CoreStats']
2017-04-25 22:51:01 [scrapy.middleware] INFO: Enabled downloader middlewares:
['scrapy.downloadermiddlewares.robotstxt.RobotsTxtMiddleware',
 'scrapy.downloadermiddlewares.httpauth.HttpAuthMiddleware',
 'scrapy.downloadermiddlewares.downloadtimeout.DownloadTimeoutMiddleware',
 'scrapy.downloadermiddlewares.defaultheaders.DefaultHeadersMiddleware',
 'scrapy.downloadermiddlewares.useragent.UserAgentMiddleware',
 'scrapy.downloadermiddlewares.retry.RetryMiddleware',
 'scrapy.downloadermiddlewares.redirect.MetaRefreshMiddleware',
 'scrapy.downloadermiddlewares.httpcompression.HttpCompressionMiddleware',
 'scrapy.downloadermiddlewares.redirect.RedirectMiddleware',
 'scrapy.downloadermiddlewares.cookies.CookiesMiddleware',
 'scrapy.downloadermiddlewares.stats.DownloaderStats']
2017-04-25 22:51:01 [scrapy.middleware] INFO: Enabled spider middlewares:
['scrapy.spidermiddlewares.httperror.HttpErrorMiddleware',
 'scrapy.spidermiddlewares.offsite.OffsiteMiddleware',
 'scrapy.spidermiddlewares.referer.RefererMiddleware',
 'scrapy.spidermiddlewares.urllength.UrlLengthMiddleware',
 'scrapy.spidermiddlewares.depth.DepthMiddleware']
2017-04-25 22:51:01 [scrapy.middleware] INFO: Enabled item pipelines:
[]
2017-04-25 22:51:01 [scrapy.core.engine] INFO: Spider opened
2017-04-25 22:51:01 [scrapy.extensions.logstats] INFO: Crawled 0 pages (at 0 pages/min), scraped 0 items (at 0 items/min)
2017-04-25 22:51:01 [scrapy.extensions.telnet] DEBUG: Telnet console listening on 127.0.0.1:6023
2017-04-25 22:51:01 [scrapy.core.engine] DEBUG: Crawled (200) <GET http://www.siriusxm.com/robots.txt> (referer: None)
2017-04-25 22:51:01 [scrapy.core.engine] DEBUG: Crawled (200) <GET http://www.siriusxm.com/metadata/pdt/en-us/json/channels/thebeat/timestamp/04-26-02:50:51> (referer: None)
2017-04-25 22:51:01 [scrapy.core.engine] DEBUG: Crawled (200) <GET http://www.siriusxm.com/metadata/pdt/en-us/json/channels/area33/timestamp/04-26-02:50:51> (referer: None)
2017-04-25 22:51:01 [scrapy.core.engine] DEBUG: Crawled (200) <GET http://www.siriusxm.com/metadata/pdt/en-us/json/channels/siriushits1/timestamp/04-26-02:50:51> (referer: None)
2017-04-25 22:51:01 [scrapy.core.scraper] DEBUG: Scraped from <200 http://www.siriusxm.com/metadata/pdt/en-us/json/channels/thebeat/timestamp/04-26-02:50:51>
{'title': 'Cartoon Dreamland', 'time': 1493175061.6301413, 'channel': 'BPM', 'albumart': 'http://www.siriusxm.com/albumart/Live/Default/DefaultMDS_m_51.jpg', 'artist': 'Monstaz'}
2017-04-25 22:51:01 [scrapy.core.scraper] DEBUG: Scraped from <200 http://www.siriusxm.com/metadata/pdt/en-us/json/channels/area33/timestamp/04-26-02:50:51>
{'title': '#CC512 #ElectricArea', 'time': 1493175061.6654222, 'channel': 'Electric Area', 'albumart': 'http://www.siriusxm.com/albumart/Live/Default/DefaultMDS_m_52.jpg', 'artist': '@FerryCorsten @sxmElectro'}
2017-04-25 22:51:01 [scrapy.core.scraper] DEBUG: Scraped from <200 http://www.siriusxm.com/metadata/pdt/en-us/json/channels/siriushits1/timestamp/04-26-02:50:51>
{'title': 'Issues', 'time': 1493175061.6724257, 'channel': 'SiriusXM Hits 1', 'albumart': 'http://www.siriusxm.com/albumart/Live/0230/juliamichael_58783EB5_m.jpg', 'artist': 'Julia Michaels'}
2017-04-25 22:51:01 [scrapy.core.engine] INFO: Closing spider (finished)
2017-04-25 22:51:01 [scrapy.extensions.feedexport] INFO: Stored jsonlines feed (3 items) in: file:///tmp/output.jl
2017-04-25 22:51:01 [scrapy.statscollectors] INFO: Dumping Scrapy stats:
{'downloader/request_bytes': 1064,
 'downloader/request_count': 4,
 'downloader/request_method_count/GET': 4,
 'downloader/response_bytes': 4754,
 'downloader/response_count': 4,
 'downloader/response_status_count/200': 4,
 'finish_reason': 'finished',
 'finish_time': datetime.datetime(2017, 4, 26, 2, 51, 1, 681403),
 'item_scraped_count': 3,
 'log_count/DEBUG': 8,
 'log_count/INFO': 8,
 'response_received_count': 4,
 'scheduler/dequeued': 3,
 'scheduler/dequeued/memory': 3,
 'scheduler/enqueued': 3,
 'scheduler/enqueued/memory': 3,
 'start_time': datetime.datetime(2017, 4, 26, 2, 51, 1, 327618)}
2017-04-25 22:51:01 [scrapy.core.engine] INFO: Spider closed (finished)
