2017-04-25 23:56:30 [scrapy.utils.log] INFO: Scrapy 1.3.3 started (bot: sxm)
2017-04-25 23:56:30 [scrapy.utils.log] INFO: Overridden settings: {'FEED_URI': 'file:///tmp/output.jl', 'FEED_EXPORT_ENCODING': 'utf-8', 'NEWSPIDER_MODULE': 'sxm.spiders', 'FEED_EXPORT_FIELDS': ['channel', 'artist', 'title', 'albumart', 'time'], 'BOT_NAME': 'sxm', 'LOG_FILE': 'logs\\sxm\\sxm\\5231f55a2a3411e79ee1f0def102ff51.log', 'ROBOTSTXT_OBEY': True, 'SPIDER_MODULES': ['sxm.spiders']}
2017-04-25 23:56:31 [scrapy.middleware] INFO: Enabled extensions:
['scrapy.extensions.corestats.CoreStats',
 'scrapy.extensions.feedexport.FeedExporter',
 'scrapy.extensions.telnet.TelnetConsole',
 'scrapy.extensions.logstats.LogStats']
2017-04-25 23:56:31 [scrapy.middleware] INFO: Enabled downloader middlewares:
['scrapy.downloadermiddlewares.robotstxt.RobotsTxtMiddleware',
 'scrapy.downloadermiddlewares.httpauth.HttpAuthMiddleware',
 'scrapy.downloadermiddlewares.downloadtimeout.DownloadTimeoutMiddleware',
 'scrapy.downloadermiddlewares.defaultheaders.DefaultHeadersMiddleware',
 'scrapy.downloadermiddlewares.useragent.UserAgentMiddleware',
 'scrapy.downloadermiddlewares.retry.RetryMiddleware',
 'scrapy.downloadermiddlewares.redirect.MetaRefreshMiddleware',
 'scrapy.downloadermiddlewares.httpcompression.HttpCompressionMiddleware',
 'scrapy.downloadermiddlewares.redirect.RedirectMiddleware',
 'scrapy.downloadermiddlewares.cookies.CookiesMiddleware',
 'scrapy.downloadermiddlewares.stats.DownloaderStats']
2017-04-25 23:56:31 [scrapy.middleware] INFO: Enabled spider middlewares:
['scrapy.spidermiddlewares.httperror.HttpErrorMiddleware',
 'scrapy.spidermiddlewares.offsite.OffsiteMiddleware',
 'scrapy.spidermiddlewares.referer.RefererMiddleware',
 'scrapy.spidermiddlewares.urllength.UrlLengthMiddleware',
 'scrapy.spidermiddlewares.depth.DepthMiddleware']
2017-04-25 23:56:31 [scrapy.middleware] INFO: Enabled item pipelines:
[]
2017-04-25 23:56:31 [scrapy.core.engine] INFO: Spider opened
2017-04-25 23:56:31 [scrapy.extensions.logstats] INFO: Crawled 0 pages (at 0 pages/min), scraped 0 items (at 0 items/min)
2017-04-25 23:56:31 [scrapy.extensions.telnet] DEBUG: Telnet console listening on 127.0.0.1:6023
2017-04-25 23:56:31 [scrapy.core.engine] DEBUG: Crawled (200) <GET http://www.siriusxm.com/robots.txt> (referer: None)
2017-04-25 23:56:31 [scrapy.core.engine] DEBUG: Crawled (200) <GET http://www.siriusxm.com/metadata/pdt/en-us/json/channels/thebeat/timestamp/04-26-03:56:20> (referer: None)
2017-04-25 23:56:31 [scrapy.core.engine] DEBUG: Crawled (200) <GET http://www.siriusxm.com/metadata/pdt/en-us/json/channels/siriushits1/timestamp/04-26-03:56:20> (referer: None)
2017-04-25 23:56:31 [scrapy.core.engine] DEBUG: Crawled (200) <GET http://www.siriusxm.com/metadata/pdt/en-us/json/channels/area33/timestamp/04-26-03:56:20> (referer: None)
2017-04-25 23:56:31 [scrapy.core.scraper] DEBUG: Scraped from <200 http://www.siriusxm.com/metadata/pdt/en-us/json/channels/thebeat/timestamp/04-26-03:56:20>
{'albumart': 'http://www.siriusxm.com/albumart/Live/0330/mako_57DE7EAC_m.jpg', 'title': 'Smoke Filled Room', 'artist': 'Mako', 'time': 1493178991.7932184, 'channel': 'BPM'}
2017-04-25 23:56:31 [scrapy.core.scraper] DEBUG: Scraped from <200 http://www.siriusxm.com/metadata/pdt/en-us/json/channels/area33/timestamp/04-26-03:56:20>
{'albumart': 'http://www.siriusxm.com/albumart/Live/Default/DefaultMDS_m_52.jpg', 'title': '#Identity 387 #ElectricArea', 'artist': '@SandervonDoorn @sxmElectro', 'time': 1493178991.8171904, 'channel': 'Electric Area'}
2017-04-25 23:56:31 [scrapy.core.scraper] DEBUG: Scraped from <200 http://www.siriusxm.com/metadata/pdt/en-us/json/channels/siriushits1/timestamp/04-26-03:56:20>
{'albumart': 'http://www.siriusxm.com/albumart/Live/0330/ajr_58929C7F_m.jpg', 'title': 'Weak', 'artist': 'AJR', 'time': 1493178991.8251324, 'channel': 'SiriusXM Hits 1'}
2017-04-25 23:56:31 [scrapy.core.engine] INFO: Closing spider (finished)
2017-04-25 23:56:31 [scrapy.extensions.feedexport] INFO: Stored jsonlines feed (3 items) in: file:///tmp/output.jl
2017-04-25 23:56:31 [scrapy.statscollectors] INFO: Dumping Scrapy stats:
{'downloader/request_bytes': 1064,
 'downloader/request_count': 4,
 'downloader/request_method_count/GET': 4,
 'downloader/response_bytes': 4809,
 'downloader/response_count': 4,
 'downloader/response_status_count/200': 4,
 'finish_reason': 'finished',
 'finish_time': datetime.datetime(2017, 4, 26, 3, 56, 31, 829316),
 'item_scraped_count': 3,
 'log_count/DEBUG': 8,
 'log_count/INFO': 8,
 'response_received_count': 4,
 'scheduler/dequeued': 3,
 'scheduler/dequeued/memory': 3,
 'scheduler/enqueued': 3,
 'scheduler/enqueued/memory': 3,
 'start_time': datetime.datetime(2017, 4, 26, 3, 56, 31, 104972)}
2017-04-25 23:56:31 [scrapy.core.engine] INFO: Spider closed (finished)
