2017-04-25 23:02:11 [scrapy.utils.log] INFO: Scrapy 1.3.3 started (bot: sxm)
2017-04-25 23:02:11 [scrapy.utils.log] INFO: Overridden settings: {'LOG_FILE': 'logs\\sxm\\sxm\\ba0b13a62a2c11e7a57ff0def102ff51.log', 'FEED_EXPORT_FIELDS': ['channel', 'artist', 'title', 'albumart', 'time'], 'NEWSPIDER_MODULE': 'sxm.spiders', 'ROBOTSTXT_OBEY': True, 'BOT_NAME': 'sxm', 'SPIDER_MODULES': ['sxm.spiders'], 'FEED_EXPORT_ENCODING': 'utf-8', 'FEED_URI': 'file:///tmp/output.jl'}
2017-04-25 23:02:11 [scrapy.middleware] INFO: Enabled extensions:
['scrapy.extensions.telnet.TelnetConsole',
 'scrapy.extensions.corestats.CoreStats',
 'scrapy.extensions.feedexport.FeedExporter',
 'scrapy.extensions.logstats.LogStats']
2017-04-25 23:02:11 [scrapy.middleware] INFO: Enabled downloader middlewares:
['scrapy.downloadermiddlewares.robotstxt.RobotsTxtMiddleware',
 'scrapy.downloadermiddlewares.httpauth.HttpAuthMiddleware',
 'scrapy.downloadermiddlewares.downloadtimeout.DownloadTimeoutMiddleware',
 'scrapy.downloadermiddlewares.defaultheaders.DefaultHeadersMiddleware',
 'scrapy.downloadermiddlewares.useragent.UserAgentMiddleware',
 'scrapy.downloadermiddlewares.retry.RetryMiddleware',
 'scrapy.downloadermiddlewares.redirect.MetaRefreshMiddleware',
 'scrapy.downloadermiddlewares.httpcompression.HttpCompressionMiddleware',
 'scrapy.downloadermiddlewares.redirect.RedirectMiddleware',
 'scrapy.downloadermiddlewares.cookies.CookiesMiddleware',
 'scrapy.downloadermiddlewares.stats.DownloaderStats']
2017-04-25 23:02:11 [scrapy.middleware] INFO: Enabled spider middlewares:
['scrapy.spidermiddlewares.httperror.HttpErrorMiddleware',
 'scrapy.spidermiddlewares.offsite.OffsiteMiddleware',
 'scrapy.spidermiddlewares.referer.RefererMiddleware',
 'scrapy.spidermiddlewares.urllength.UrlLengthMiddleware',
 'scrapy.spidermiddlewares.depth.DepthMiddleware']
2017-04-25 23:02:11 [scrapy.middleware] INFO: Enabled item pipelines:
[]
2017-04-25 23:02:11 [scrapy.core.engine] INFO: Spider opened
2017-04-25 23:02:11 [scrapy.extensions.logstats] INFO: Crawled 0 pages (at 0 pages/min), scraped 0 items (at 0 items/min)
2017-04-25 23:02:11 [scrapy.extensions.telnet] DEBUG: Telnet console listening on 127.0.0.1:6023
2017-04-25 23:02:11 [scrapy.core.engine] DEBUG: Crawled (200) <GET http://www.siriusxm.com/robots.txt> (referer: None)
2017-04-25 23:02:11 [scrapy.core.engine] DEBUG: Crawled (200) <GET http://www.siriusxm.com/metadata/pdt/en-us/json/channels/thebeat/timestamp/04-26-03:02:01> (referer: None)
2017-04-25 23:02:11 [scrapy.core.engine] DEBUG: Crawled (200) <GET http://www.siriusxm.com/metadata/pdt/en-us/json/channels/siriushits1/timestamp/04-26-03:02:01> (referer: None)
2017-04-25 23:02:11 [scrapy.core.engine] DEBUG: Crawled (200) <GET http://www.siriusxm.com/metadata/pdt/en-us/json/channels/area33/timestamp/04-26-03:02:01> (referer: None)
2017-04-25 23:02:11 [scrapy.core.scraper] DEBUG: Scraped from <200 http://www.siriusxm.com/metadata/pdt/en-us/json/channels/thebeat/timestamp/04-26-03:02:01>
{'channel': 'BPM', 'time': 1493175731.5107045, 'albumart': 'http://www.siriusxm.com/albumart/Live/Default/DefaultMDS_m_51.jpg', 'artist': 'Speaker Of The House/Lincoln Jesser', 'title': 'Tiny Universe'}
2017-04-25 23:02:11 [scrapy.core.scraper] DEBUG: Scraped from <200 http://www.siriusxm.com/metadata/pdt/en-us/json/channels/siriushits1/timestamp/04-26-03:02:01>
{'channel': 'SiriusXM Hits 1', 'time': 1493175731.5597682, 'albumart': 'http://www.siriusxm.com/albumart/Live/0300/jonbellion_58DABE3F_m.jpg', 'artist': 'Jon Bellion', 'title': 'All Time Low'}
2017-04-25 23:02:11 [scrapy.core.scraper] DEBUG: Scraped from <200 http://www.siriusxm.com/metadata/pdt/en-us/json/channels/area33/timestamp/04-26-03:02:01>
{'channel': 'Electric Area', 'time': 1493175731.5697577, 'albumart': 'http://www.siriusxm.com/albumart/Live/Default/DefaultMDS_m_52.jpg', 'artist': '@FerryCorsten @sxmElectro', 'title': '#CC512 #ElectricArea'}
2017-04-25 23:02:11 [scrapy.core.engine] INFO: Closing spider (finished)
2017-04-25 23:02:11 [scrapy.extensions.feedexport] INFO: Stored jsonlines feed (3 items) in: file:///tmp/output.jl
2017-04-25 23:02:11 [scrapy.statscollectors] INFO: Dumping Scrapy stats:
{'downloader/request_bytes': 1064,
 'downloader/request_count': 4,
 'downloader/request_method_count/GET': 4,
 'downloader/response_bytes': 4827,
 'downloader/response_count': 4,
 'downloader/response_status_count/200': 4,
 'finish_reason': 'finished',
 'finish_time': datetime.datetime(2017, 4, 26, 3, 2, 11, 575760),
 'item_scraped_count': 3,
 'log_count/DEBUG': 8,
 'log_count/INFO': 8,
 'response_received_count': 4,
 'scheduler/dequeued': 3,
 'scheduler/dequeued/memory': 3,
 'scheduler/enqueued': 3,
 'scheduler/enqueued/memory': 3,
 'start_time': datetime.datetime(2017, 4, 26, 3, 2, 11, 119376)}
2017-04-25 23:02:11 [scrapy.core.engine] INFO: Spider closed (finished)
